{"name": "Тест заказа самоката через нижнюю кнопку", "status": "broken", "statusDetails": {"message": "selenium.common.exceptions.TimeoutException: Message: \nStacktrace:\nRemoteError@chrome://remote/content/shared/RemoteError.sys.mjs:8:8\nWebDriverError@chrome://remote/content/shared/webdriver/Errors.sys.mjs:193:5\nNoSuchElementError@chrome://remote/content/shared/webdriver/Errors.sys.mjs:511:5\ndom.find/</<@chrome://remote/content/shared/DOM.sys.mjs:136:16", "trace": "self = <tests.test_order_scooter.TestScooterOrder object at 0x000001FF60F50CB0>, driver = <selenium.webdriver.firefox.webdriver.WebDriver (session=\"ec545f6b-acfc-453a-b1ec-76fe21f7ff08\")>\norder_parameters = (('xpath', \"//button[@value='4']\"), ('xpath', \"//div[@class='Dropdown-menu']//div[3]\"), ('xpath', \"//label[contains(text(),'серая')]\"))\n\n    @allure.title(\"Тест заказа самоката через нижнюю кнопку\")\n    @pytest.mark.parametrize(\"order_parameters\", [\n        (OrderPageLocators.SOKOLNIKI_STATION_LOCATOR, OrderPageLocators.DURATION_ITEM_3_LOCATOR,\n         OrderPageLocators.GREY_COLOUR_LOCATOR)\n    ])\n    def test_order_scooter_bottom_button(self, driver, order_parameters):\n        with allure.step(\"Переход на главную страницу\"):\n            main_page = MainPage(driver)\n            main_page.go_to_url(Urls.MAIN_PAGE_URL)\n    \n        with allure.step(\"Прокрутка страницы до кнопки заказа\"):\n            main_page.scroll_to_element(MainPageLocators.ORDER_BIG_BUTTON_LOCATOR)\n    \n        with allure.step(\"Нажатие на большую кнопку заказа\"):\n            main_page.click_to_element(MainPageLocators.ORDER_BIG_BUTTON_LOCATOR)\n    \n        with allure.step(\"Переход на страницу заказа\"):\n            order_page = OrderPage(driver)\n    \n        with allure.step(\"Заполнение формы заказа\"):\n            station_locator, duration_locator, color_locator = order_parameters\n>           order_page.set_order(station_locator, duration_locator, color_locator)\n\ntests\\test_order_scooter.py:56: \n_ _ _ _ _ _ _ _ _ _ _ _ _ _ _ _ _ _ _ _ _ _ _ _ _ _ _ _ _ _ _ _ _ _ _ _ _ _ _ _ _ _ _ _ _ _ _ _ _ _ _ _ _ _ _ _ _ _ _ _ _ _ _ _ _ _ _ _ _ _ _ _ _ _ _ _ _ _ _ _ _ _ _ _ _ _ _ _ _ _ _ _ _ _ _ _ _ _ _ _ _ _ _ _ _ _ _ _ _ _ _ _ _ _ _ _\npages\\order_page.py:27: in set_order\n    self.add_text_to_element(OrderPageLocators.DATE_LOCATOR, generate_date())\npages\\base_page.py:26: in add_text_to_element\n    element = self.find_element_with_wait(locator).send_keys(text)\npages\\base_page.py:14: in find_element_with_wait\n    WebDriverWait(self.driver, 10).until(\n_ _ _ _ _ _ _ _ _ _ _ _ _ _ _ _ _ _ _ _ _ _ _ _ _ _ _ _ _ _ _ _ _ _ _ _ _ _ _ _ _ _ _ _ _ _ _ _ _ _ _ _ _ _ _ _ _ _ _ _ _ _ _ _ _ _ _ _ _ _ _ _ _ _ _ _ _ _ _ _ _ _ _ _ _ _ _ _ _ _ _ _ _ _ _ _ _ _ _ _ _ _ _ _ _ _ _ _ _ _ _ _ _ _ _ _\n\nself = <selenium.webdriver.support.wait.WebDriverWait (session=\"ec545f6b-acfc-453a-b1ec-76fe21f7ff08\")>, method = <function visibility_of_element_located.<locals>._predicate at 0x000001FF61083BA0>, message = ''\n\n    def until(self, method: Callable[[D], Union[Literal[False], T]], message: str = \"\") -> T:\n        \"\"\"Calls the method provided with the driver as an argument until the \\\n        return value does not evaluate to ``False``.\n    \n        :param method: callable(WebDriver)\n        :param message: optional message for :exc:`TimeoutException`\n        :returns: the result of the last call to `method`\n        :raises: :exc:`selenium.common.exceptions.TimeoutException` if timeout occurs\n        \"\"\"\n        screen = None\n        stacktrace = None\n    \n        end_time = time.monotonic() + self._timeout\n        while True:\n            try:\n                value = method(self._driver)\n                if value:\n                    return value\n            except self._ignored_exceptions as exc:\n                screen = getattr(exc, \"screen\", None)\n                stacktrace = getattr(exc, \"stacktrace\", None)\n            time.sleep(self._poll)\n            if time.monotonic() > end_time:\n                break\n>       raise TimeoutException(message, screen, stacktrace)\nE       selenium.common.exceptions.TimeoutException: Message: \nE       Stacktrace:\nE       RemoteError@chrome://remote/content/shared/RemoteError.sys.mjs:8:8\nE       WebDriverError@chrome://remote/content/shared/webdriver/Errors.sys.mjs:193:5\nE       NoSuchElementError@chrome://remote/content/shared/webdriver/Errors.sys.mjs:511:5\nE       dom.find/</<@chrome://remote/content/shared/DOM.sys.mjs:136:16\n\n.venv\\Lib\\site-packages\\selenium\\webdriver\\support\\wait.py:105: TimeoutException"}, "steps": [{"name": "Переход на главную страницу", "status": "passed", "start": 1729701833340, "stop": 1729701836599}, {"name": "Прокрутка страницы до кнопки заказа", "status": "passed", "start": 1729701836599, "stop": 1729701836676}, {"name": "Нажатие на большую кнопку заказа", "status": "passed", "start": 1729701836676, "stop": 1729701836973}, {"name": "Переход на страницу заказа", "status": "passed", "start": 1729701836973, "stop": 1729701836973}, {"name": "Заполнение формы заказа", "status": "broken", "statusDetails": {"message": "selenium.common.exceptions.TimeoutException: Message: \nStacktrace:\nRemoteError@chrome://remote/content/shared/RemoteError.sys.mjs:8:8\nWebDriverError@chrome://remote/content/shared/webdriver/Errors.sys.mjs:193:5\nNoSuchElementError@chrome://remote/content/shared/webdriver/Errors.sys.mjs:511:5\ndom.find/</<@chrome://remote/content/shared/DOM.sys.mjs:136:16\n\n", "trace": "  File \"C:\\Users\\vonfl\\PycharmProjects\\Sprint_6\\tests\\test_order_scooter.py\", line 56, in test_order_scooter_bottom_button\n    order_page.set_order(station_locator, duration_locator, color_locator)\n  File \"C:\\Users\\vonfl\\PycharmProjects\\Sprint_6\\.venv\\Lib\\site-packages\\allure_commons\\_allure.py\", line 192, in impl\n    return func(*a, **kw)\n           ^^^^^^^^^^^^^^\n  File \"C:\\Users\\vonfl\\PycharmProjects\\Sprint_6\\pages\\order_page.py\", line 27, in set_order\n    self.add_text_to_element(OrderPageLocators.DATE_LOCATOR, generate_date())\n  File \"C:\\Users\\vonfl\\PycharmProjects\\Sprint_6\\pages\\base_page.py\", line 26, in add_text_to_element\n    element = self.find_element_with_wait(locator).send_keys(text)\n              ^^^^^^^^^^^^^^^^^^^^^^^^^^^^^^^^^^^^\n  File \"C:\\Users\\vonfl\\PycharmProjects\\Sprint_6\\pages\\base_page.py\", line 14, in find_element_with_wait\n    WebDriverWait(self.driver, 10).until(\n  File \"C:\\Users\\vonfl\\PycharmProjects\\Sprint_6\\.venv\\Lib\\site-packages\\selenium\\webdriver\\support\\wait.py\", line 105, in until\n    raise TimeoutException(message, screen, stacktrace)\n"}, "steps": [{"name": "Создаем заказ", "status": "broken", "statusDetails": {"message": "selenium.common.exceptions.TimeoutException: Message: \nStacktrace:\nRemoteError@chrome://remote/content/shared/RemoteError.sys.mjs:8:8\nWebDriverError@chrome://remote/content/shared/webdriver/Errors.sys.mjs:193:5\nNoSuchElementError@chrome://remote/content/shared/webdriver/Errors.sys.mjs:511:5\ndom.find/</<@chrome://remote/content/shared/DOM.sys.mjs:136:16\n\n", "trace": "  File \"C:\\Users\\vonfl\\PycharmProjects\\Sprint_6\\.venv\\Lib\\site-packages\\allure_commons\\_allure.py\", line 192, in impl\n    return func(*a, **kw)\n           ^^^^^^^^^^^^^^\n  File \"C:\\Users\\vonfl\\PycharmProjects\\Sprint_6\\pages\\order_page.py\", line 27, in set_order\n    self.add_text_to_element(OrderPageLocators.DATE_LOCATOR, generate_date())\n  File \"C:\\Users\\vonfl\\PycharmProjects\\Sprint_6\\pages\\base_page.py\", line 26, in add_text_to_element\n    element = self.find_element_with_wait(locator).send_keys(text)\n              ^^^^^^^^^^^^^^^^^^^^^^^^^^^^^^^^^^^^\n  File \"C:\\Users\\vonfl\\PycharmProjects\\Sprint_6\\pages\\base_page.py\", line 14, in find_element_with_wait\n    WebDriverWait(self.driver, 10).until(\n  File \"C:\\Users\\vonfl\\PycharmProjects\\Sprint_6\\.venv\\Lib\\site-packages\\selenium\\webdriver\\support\\wait.py\", line 105, in until\n    raise TimeoutException(message, screen, stacktrace)\n"}, "steps": [{"name": "Ввод имени", "status": "passed", "start": 1729701836974, "stop": 1729701837103}, {"name": "Ввод фамилии", "status": "passed", "start": 1729701837103, "stop": 1729701837155}, {"name": "Ввод телефона", "status": "passed", "start": 1729701837155, "stop": 1729701837208}, {"name": "Ввод адреса", "status": "passed", "start": 1729701837208, "stop": 1729701837271}, {"name": "Выбор станции", "status": "passed", "start": 1729701837271, "stop": 1729701838281}, {"name": "Переход на следующий шаг", "status": "passed", "start": 1729701838281, "stop": 1729701838545}, {"name": "Ввод даты аренды", "status": "broken", "statusDetails": {"message": "selenium.common.exceptions.TimeoutException: Message: \nStacktrace:\nRemoteError@chrome://remote/content/shared/RemoteError.sys.mjs:8:8\nWebDriverError@chrome://remote/content/shared/webdriver/Errors.sys.mjs:193:5\nNoSuchElementError@chrome://remote/content/shared/webdriver/Errors.sys.mjs:511:5\ndom.find/</<@chrome://remote/content/shared/DOM.sys.mjs:136:16\n\n", "trace": "  File \"C:\\Users\\vonfl\\PycharmProjects\\Sprint_6\\pages\\order_page.py\", line 27, in set_order\n    self.add_text_to_element(OrderPageLocators.DATE_LOCATOR, generate_date())\n  File \"C:\\Users\\vonfl\\PycharmProjects\\Sprint_6\\pages\\base_page.py\", line 26, in add_text_to_element\n    element = self.find_element_with_wait(locator).send_keys(text)\n              ^^^^^^^^^^^^^^^^^^^^^^^^^^^^^^^^^^^^\n  File \"C:\\Users\\vonfl\\PycharmProjects\\Sprint_6\\pages\\base_page.py\", line 14, in find_element_with_wait\n    WebDriverWait(self.driver, 10).until(\n  File \"C:\\Users\\vonfl\\PycharmProjects\\Sprint_6\\.venv\\Lib\\site-packages\\selenium\\webdriver\\support\\wait.py\", line 105, in until\n    raise TimeoutException(message, screen, stacktrace)\n"}, "start": 1729701838545, "stop": 1729701848710}], "parameters": [{"name": "station_locator", "value": "('xpath', \"//button[@value='4']\")"}, {"name": "duration_locator", "value": "('xpath', \"//div[@class='Dropdown-menu']//div[3]\")"}, {"name": "color_locator", "value": "('xpath', \"//label[contains(text(),'серая')]\")"}], "start": 1729701836974, "stop": 1729701848773}], "start": 1729701836973, "stop": 1729701848775}], "parameters": [{"name": "order_parameters", "value": "(('xpath', \"//button[@value='4']\"), ('xpath', \"//div[@class='Dropdown-menu']//div[3]\"), ('xpath', \"//label[contains(text(),'серая')]\"))"}], "start": 1729701833340, "stop": 1729701848779, "uuid": "fddf42c0-060a-4c8b-a053-0e60b603bf3e", "historyId": "a413903fc08f0026be4a49be2f4f6bd9", "testCaseId": "8c83d1d0ca1e3ec9f6fd6b289d0bab21", "fullName": "tests.test_order_scooter.TestScooterOrder#test_order_scooter_bottom_button", "labels": [{"name": "parentSuite", "value": "tests"}, {"name": "suite", "value": "test_order_scooter"}, {"name": "subSuite", "value": "TestScooterOrder"}, {"name": "host", "value": "LAPTOP-V8IQT706"}, {"name": "thread", "value": "4408-MainThread"}, {"name": "framework", "value": "pytest"}, {"name": "language", "value": "cpython3"}, {"name": "package", "value": "tests.test_order_scooter"}]}